==25321== Memcheck, a memory error detector
==25321== Copyright (C) 2002-2017, and GNU GPL'd, by Julian Seward et al.
==25321== Using Valgrind-3.13.0 and LibVEX; rerun with -h for copyright info
==25321== Command: ./test --gtest_filter=*-Lista.Stress*
==25321== 
==25321== Conditional jump or move depends on uninitialised value(s)
==25321==    at 0x1104EE: Lista::~Lista() (in /home/jminces/algoritmos2/herramientas/algobot/algobot/2021-c2/repos/527_20/g2/taller/correcciones/2021-09-21/test)
==25321==    by 0x110C3D: lista_test_test_agregar_un_elemento_adelante_Test::TestBody() (in /home/jminces/algoritmos2/herramientas/algobot/algobot/2021-c2/repos/527_20/g2/taller/correcciones/2021-09-21/test)
==25321==    by 0x13FD62: void testing::internal::HandleSehExceptionsInMethodIfSupported<testing::Test, void>(testing::Test*, void (testing::Test::*)(), char const*) (in /home/jminces/algoritmos2/herramientas/algobot/algobot/2021-c2/repos/527_20/g2/taller/correcciones/2021-09-21/test)
==25321==    by 0x139D6A: void testing::internal::HandleExceptionsInMethodIfSupported<testing::Test, void>(testing::Test*, void (testing::Test::*)(), char const*) (in /home/jminces/algoritmos2/herramientas/algobot/algobot/2021-c2/repos/527_20/g2/taller/correcciones/2021-09-21/test)
==25321==    by 0x11D747: testing::Test::Run() (in /home/jminces/algoritmos2/herramientas/algobot/algobot/2021-c2/repos/527_20/g2/taller/correcciones/2021-09-21/test)
==25321==    by 0x11E07D: testing::TestInfo::Run() (in /home/jminces/algoritmos2/herramientas/algobot/algobot/2021-c2/repos/527_20/g2/taller/correcciones/2021-09-21/test)
==25321==    by 0x11E707: testing::TestCase::Run() (in /home/jminces/algoritmos2/herramientas/algobot/algobot/2021-c2/repos/527_20/g2/taller/correcciones/2021-09-21/test)
==25321==    by 0x1255D3: testing::internal::UnitTestImpl::RunAllTests() (in /home/jminces/algoritmos2/herramientas/algobot/algobot/2021-c2/repos/527_20/g2/taller/correcciones/2021-09-21/test)
==25321==    by 0x140F28: bool testing::internal::HandleSehExceptionsInMethodIfSupported<testing::internal::UnitTestImpl, bool>(testing::internal::UnitTestImpl*, bool (testing::internal::UnitTestImpl::*)(), char const*) (in /home/jminces/algoritmos2/herramientas/algobot/algobot/2021-c2/repos/527_20/g2/taller/correcciones/2021-09-21/test)
==25321==    by 0x13ABA6: bool testing::internal::HandleExceptionsInMethodIfSupported<testing::internal::UnitTestImpl, bool>(testing::internal::UnitTestImpl*, bool (testing::internal::UnitTestImpl::*)(), char const*) (in /home/jminces/algoritmos2/herramientas/algobot/algobot/2021-c2/repos/527_20/g2/taller/correcciones/2021-09-21/test)
==25321==    by 0x124197: testing::UnitTest::Run() (in /home/jminces/algoritmos2/herramientas/algobot/algobot/2021-c2/repos/527_20/g2/taller/correcciones/2021-09-21/test)
==25321==    by 0x14F1C2: RUN_ALL_TESTS() (in /home/jminces/algoritmos2/herramientas/algobot/algobot/2021-c2/repos/527_20/g2/taller/correcciones/2021-09-21/test)
==25321== 
==25321== Conditional jump or move depends on uninitialised value(s)
==25321==    at 0x1104EE: Lista::~Lista() (in /home/jminces/algoritmos2/herramientas/algobot/algobot/2021-c2/repos/527_20/g2/taller/correcciones/2021-09-21/test)
==25321==    by 0x11147F: lista_test_test_agregar_varios_elementos_solo_adelante_Test::TestBody() (in /home/jminces/algoritmos2/herramientas/algobot/algobot/2021-c2/repos/527_20/g2/taller/correcciones/2021-09-21/test)
==25321==    by 0x13FD62: void testing::internal::HandleSehExceptionsInMethodIfSupported<testing::Test, void>(testing::Test*, void (testing::Test::*)(), char const*) (in /home/jminces/algoritmos2/herramientas/algobot/algobot/2021-c2/repos/527_20/g2/taller/correcciones/2021-09-21/test)
==25321==    by 0x139D6A: void testing::internal::HandleExceptionsInMethodIfSupported<testing::Test, void>(testing::Test*, void (testing::Test::*)(), char const*) (in /home/jminces/algoritmos2/herramientas/algobot/algobot/2021-c2/repos/527_20/g2/taller/correcciones/2021-09-21/test)
==25321==    by 0x11D747: testing::Test::Run() (in /home/jminces/algoritmos2/herramientas/algobot/algobot/2021-c2/repos/527_20/g2/taller/correcciones/2021-09-21/test)
==25321==    by 0x11E07D: testing::TestInfo::Run() (in /home/jminces/algoritmos2/herramientas/algobot/algobot/2021-c2/repos/527_20/g2/taller/correcciones/2021-09-21/test)
==25321==    by 0x11E707: testing::TestCase::Run() (in /home/jminces/algoritmos2/herramientas/algobot/algobot/2021-c2/repos/527_20/g2/taller/correcciones/2021-09-21/test)
==25321==    by 0x1255D3: testing::internal::UnitTestImpl::RunAllTests() (in /home/jminces/algoritmos2/herramientas/algobot/algobot/2021-c2/repos/527_20/g2/taller/correcciones/2021-09-21/test)
==25321==    by 0x140F28: bool testing::internal::HandleSehExceptionsInMethodIfSupported<testing::internal::UnitTestImpl, bool>(testing::internal::UnitTestImpl*, bool (testing::internal::UnitTestImpl::*)(), char const*) (in /home/jminces/algoritmos2/herramientas/algobot/algobot/2021-c2/repos/527_20/g2/taller/correcciones/2021-09-21/test)
==25321==    by 0x13ABA6: bool testing::internal::HandleExceptionsInMethodIfSupported<testing::internal::UnitTestImpl, bool>(testing::internal::UnitTestImpl*, bool (testing::internal::UnitTestImpl::*)(), char const*) (in /home/jminces/algoritmos2/herramientas/algobot/algobot/2021-c2/repos/527_20/g2/taller/correcciones/2021-09-21/test)
==25321==    by 0x124197: testing::UnitTest::Run() (in /home/jminces/algoritmos2/herramientas/algobot/algobot/2021-c2/repos/527_20/g2/taller/correcciones/2021-09-21/test)
==25321==    by 0x14F1C2: RUN_ALL_TESTS() (in /home/jminces/algoritmos2/herramientas/algobot/algobot/2021-c2/repos/527_20/g2/taller/correcciones/2021-09-21/test)
==25321== 
==25321== Conditional jump or move depends on uninitialised value(s)
==25321==    at 0x1104EE: Lista::~Lista() (in /home/jminces/algoritmos2/herramientas/algobot/algobot/2021-c2/repos/527_20/g2/taller/correcciones/2021-09-21/test)
==25321==    by 0x1121D9: lista_test_test_agregar_varios_elementos_adelante_y_atras_Test::TestBody() (in /home/jminces/algoritmos2/herramientas/algobot/algobot/2021-c2/repos/527_20/g2/taller/correcciones/2021-09-21/test)
==25321==    by 0x13FD62: void testing::internal::HandleSehExceptionsInMethodIfSupported<testing::Test, void>(testing::Test*, void (testing::Test::*)(), char const*) (in /home/jminces/algoritmos2/herramientas/algobot/algobot/2021-c2/repos/527_20/g2/taller/correcciones/2021-09-21/test)
==25321==    by 0x139D6A: void testing::internal::HandleExceptionsInMethodIfSupported<testing::Test, void>(testing::Test*, void (testing::Test::*)(), char const*) (in /home/jminces/algoritmos2/herramientas/algobot/algobot/2021-c2/repos/527_20/g2/taller/correcciones/2021-09-21/test)
==25321==    by 0x11D747: testing::Test::Run() (in /home/jminces/algoritmos2/herramientas/algobot/algobot/2021-c2/repos/527_20/g2/taller/correcciones/2021-09-21/test)
==25321==    by 0x11E07D: testing::TestInfo::Run() (in /home/jminces/algoritmos2/herramientas/algobot/algobot/2021-c2/repos/527_20/g2/taller/correcciones/2021-09-21/test)
==25321==    by 0x11E707: testing::TestCase::Run() (in /home/jminces/algoritmos2/herramientas/algobot/algobot/2021-c2/repos/527_20/g2/taller/correcciones/2021-09-21/test)
==25321==    by 0x1255D3: testing::internal::UnitTestImpl::RunAllTests() (in /home/jminces/algoritmos2/herramientas/algobot/algobot/2021-c2/repos/527_20/g2/taller/correcciones/2021-09-21/test)
==25321==    by 0x140F28: bool testing::internal::HandleSehExceptionsInMethodIfSupported<testing::internal::UnitTestImpl, bool>(testing::internal::UnitTestImpl*, bool (testing::internal::UnitTestImpl::*)(), char const*) (in /home/jminces/algoritmos2/herramientas/algobot/algobot/2021-c2/repos/527_20/g2/taller/correcciones/2021-09-21/test)
==25321==    by 0x13ABA6: bool testing::internal::HandleExceptionsInMethodIfSupported<testing::internal::UnitTestImpl, bool>(testing::internal::UnitTestImpl*, bool (testing::internal::UnitTestImpl::*)(), char const*) (in /home/jminces/algoritmos2/herramientas/algobot/algobot/2021-c2/repos/527_20/g2/taller/correcciones/2021-09-21/test)
==25321==    by 0x124197: testing::UnitTest::Run() (in /home/jminces/algoritmos2/herramientas/algobot/algobot/2021-c2/repos/527_20/g2/taller/correcciones/2021-09-21/test)
==25321==    by 0x14F1C2: RUN_ALL_TESTS() (in /home/jminces/algoritmos2/herramientas/algobot/algobot/2021-c2/repos/527_20/g2/taller/correcciones/2021-09-21/test)
==25321== 
==25321== 
==25321== HEAP SUMMARY:
==25321==     in use at exit: 0 bytes in 0 blocks
==25321==   total heap usage: 311 allocs, 311 frees, 121,393 bytes allocated
==25321== 
==25321== All heap blocks were freed -- no leaks are possible
==25321== 
==25321== For counts of detected and suppressed errors, rerun with: -v
==25321== Use --track-origins=yes to see where uninitialised values come from
==25321== ERROR SUMMARY: 3 errors from 3 contexts (suppressed: 0 from 0)
